<?xml version="1.0" encoding="UTF-8"?>
<!-- Generated by org.testng.reporters.JUnitReportReporter -->
<testsuite skipped="0" hostname="Chocks" name="Test.HomePageTest" tests="6" failures="0" timestamp="16 May 2020 11:11:05 GMT" time="10.833" errors="0">
  <testcase name="Dresstab" time="5.014" classname="Test.HomePageTest"/>
  <testcase name="TshCheck" time="2.142" classname="Test.HomePageTest"/>
  <testcase name="SizeCheck" time="0.173" classname="Test.HomePageTest"/>
  <testcase name="WomenTab" time="3.305" classname="Test.HomePageTest"/>
  <testcase name="verifyCount" time="0.103" classname="Test.HomePageTest"/>
  <testcase name="VerifyTab" time="0.096" classname="Test.HomePageTest"/>
</testsuite> <!-- Test.HomePageTest -->
